OPENQASM 2.0;
include "qelib1.inc";
qreg q[25];
creg c[25];
rzz(pi/4) q[12], q[17];
rzz(pi/4) q[15], q[10];
rzz(pi/4) q[14], q[19];
rzz(pi/4) q[12], q[7];
rzz(pi/4) q[17], q[22];
rzz(pi/4) q[15], q[16];
rzz(pi/4) q[10], q[5];
rzz(pi/4) q[14], q[9];
rzz(pi/4) q[12], q[13];
rzz(pi/4) q[10], q[11];
rzz(pi/4) q[9], q[8];
rzz(pi/4) q[2], q[7];
swap q[0], q[5];
swap q[14], q[19];
swap q[16], q[21];
swap q[17], q[22];
rzz(pi/4) q[22], q[23];
rzz(pi/4) q[15], q[16];
rzz(pi/4) q[14], q[13];
rzz(pi/4) q[2], q[1];
rzz(pi/4) q[7], q[6];
swap q[3], q[8];
swap q[12], q[17];
swap q[19], q[24];
rzz(pi/4) q[24], q[19];
rzz(pi/4) q[18], q[23];
rzz(pi/4) q[1], q[0];
rzz(pi/4) q[11], q[6];
swap q[2], q[3];
swap q[9], q[14];
swap q[12], q[13];
swap q[16], q[17];
swap q[21], q[22];
rzz(pi/4) q[9], q[4];
rzz(pi/4) q[3], q[8];
rzz(pi/4) q[18], q[17];
rzz(pi/4) q[1], q[2];
rzz(pi/4) q[0], q[5];
swap q[11], q[12];
swap q[14], q[19];
swap q[20], q[21];
rzz(pi/4) q[19], q[14];
swap q[0], q[5];
swap q[1], q[6];
swap q[3], q[4];
swap q[7], q[12];
swap q[8], q[13];
swap q[10], q[11];
swap q[17], q[18];
rzz(pi/4) q[17], q[22];
rzz(pi/4) q[14], q[13];
rzz(pi/4) q[2], q[3];
rzz(pi/4) q[7], q[8];
rzz(pi/4) q[1], q[0];
swap q[5], q[10];
rzz(pi/4) q[23], q[22];
rzz(pi/4) q[13], q[18];
rzz(pi/4) q[5], q[0];
rzz(pi/4) q[8], q[3];

// measurement
measure q[8]->c[0];
measure q[14]->c[1];
measure q[5]->c[2];
measure q[24]->c[3];
measure q[0]->c[4];
measure q[22]->c[5];
measure q[17]->c[6];
measure q[5]->c[7];
measure q[17]->c[8];
measure q[4]->c[9];
measure q[9]->c[10];
measure q[6]->c[11];
measure q[13]->c[12];
measure q[7]->c[13];
measure q[12]->c[14];
measure q[21]->c[15];
measure q[3]->c[16];
measure q[2]->c[17];
measure q[23]->c[18];
measure q[19]->c[19];
measure q[18]->c[20];
measure q[15]->c[21];
measure q[11]->c[22];
measure q[1]->c[23];
