OPENQASM 2.0;
include "qelib1.inc";
qreg q[9];
creg c[9];
rzz(pi/4) q[8], q[7];
rzz(pi/4) q[8], q[5];
rzz(pi/4) q[7], q[4];
swap q[1], q[2];
swap q[3], q[6];
rzz(pi/4) q[8], q[5];
rzz(pi/4) q[7], q[6];
rzz(pi/4) q[4], q[1];
rzz(pi/4) q[1], q[0];
rzz(pi/4) q[1], q[2];
rzz(pi/4) q[0], q[3];
rzz(pi/4) q[0], q[1];
rzz(pi/4) q[3], q[4];
rzz(pi/4) q[4], q[1];

// measurement
measure q[8]->c[0];
measure q[7]->c[1];
measure q[1]->c[2];
measure q[3]->c[3];
measure q[0]->c[4];
measure q[1]->c[5];
measure q[4]->c[6];
measure q[4]->c[7];
