OPENQASM 2.0;
include "qelib1.inc";
qreg q[16];
creg c[16];
rzz(pi/4) q[5], q[4];
rzz(pi/4) q[6], q[2];
rzz(pi/4) q[5], q[9];
rzz(pi/4) q[6], q[7];
swap q[1], q[2];
swap q[4], q[8];
rzz(pi/4) q[5], q[4];
rzz(pi/4) q[1], q[2];
rzz(pi/4) q[13], q[9];
rzz(pi/4) q[7], q[3];
swap q[6], q[10];
rzz(pi/4) q[8], q[4];
rzz(pi/4) q[7], q[11];
swap q[0], q[1];
swap q[2], q[6];
swap q[5], q[9];
swap q[10], q[14];
rzz(pi/4) q[8], q[12];
rzz(pi/4) q[14], q[15];
swap q[3], q[7];
swap q[5], q[6];
rzz(pi/4) q[0], q[1];
rzz(pi/4) q[13], q[12];
rzz(pi/4) q[7], q[11];
swap q[2], q[6];
swap q[4], q[5];
swap q[14], q[15];
rzz(pi/4) q[13], q[14];
rzz(pi/4) q[2], q[1];
rzz(pi/4) q[5], q[6];
rzz(pi/4) q[11], q[10];
swap q[0], q[4];
swap q[8], q[12];
rzz(pi/4) q[1], q[0];
rzz(pi/4) q[7], q[6];
rzz(pi/4) q[10], q[14];
swap q[4], q[8];
rzz(pi/4) q[0], q[4];
rzz(pi/4) q[10], q[6];

// measurement
measure q[15]->c[0];
measure q[1]->c[1];
measure q[13]->c[2];
measure q[10]->c[3];
measure q[9]->c[4];
measure q[4]->c[5];
measure q[11]->c[6];
measure q[4]->c[7];
measure q[6]->c[8];
measure q[0]->c[9];
measure q[5]->c[10];
measure q[2]->c[11];
measure q[14]->c[12];
measure q[3]->c[13];
measure q[7]->c[14];
measure q[12]->c[15];
